<?xml version="1.0" encoding="UTF-8"?>
<testng-results ignored="0" total="1" passed="1" failed="0" skipped="0">
  <reporter-output>
    <line>
      <![CDATA[hello]]>
    </line>
    <line>
      <![CDATA[helloBabu]]>
    </line>
    <line>
      <![CDATA[gopi]]>
    </line>
  </reporter-output>
  <suite started-at="2023-01-10T13:01:20 IST" name="Suite" finished-at="2023-01-10T13:01:20 IST" duration-ms="92">
    <groups>
    </groups>
    <test started-at="2023-01-10T13:01:20 IST" name="Test" finished-at="2023-01-10T13:01:20 IST" duration-ms="92">
      <class name="DemoJenkins.JenkinsTC1">
        <test-method signature="m1()[pri:0, instance:DemoJenkins.JenkinsTC1@33990a0c]" started-at="2023-01-10T13:01:20 IST" name="m1" finished-at="2023-01-10T13:01:20 IST" duration-ms="16" status="PASS">
          <reporter-output>
            <line>
              <![CDATA[hello]]>
            </line>
            <line>
              <![CDATA[helloBabu]]>
            </line>
            <line>
              <![CDATA[gopi]]>
            </line>
          </reporter-output>
        </test-method> <!-- m1 -->
      </class> <!-- DemoJenkins.JenkinsTC1 -->
    </test> <!-- Test -->
  </suite> <!-- Suite -->
</testng-results>
